C:\WORK\TEACHING\2021\CG\CH3 程序\反走样直线段\ANTIALIASINGLINE\CGPAINTER_ANTIALIASINGLINE\DEBUG\CGPAINTER.BSC
C:\WORK\TEACHING\2021\CG\CH3 程序\反走样直线段\ANTIALIASINGLINE\CGPAINTER_ANTIALIASINGLINE\DEBUG\CGPAINTER.PCH
C:\WORK\TEACHING\2021\CG\CH3 程序\反走样直线段\ANTIALIASINGLINE\CGPAINTER_ANTIALIASINGLINE\DEBUG\STDAFX.SBR
C:\WORK\TEACHING\2021\CG\CH3 程序\反走样直线段\ANTIALIASINGLINE\CGPAINTER_ANTIALIASINGLINE\DEBUG\STDAFX.OBJ
C:\WORK\TEACHING\2021\CG\CH3 程序\反走样直线段\ANTIALIASINGLINE\CGPAINTER_ANTIALIASINGLINE\DEBUG\VC110.PDB
C:\WORK\TEACHING\2021\CG\CH3 程序\反走样直线段\ANTIALIASINGLINE\CGPAINTER_ANTIALIASINGLINE\DEBUG\MAINFRM.SBR
C:\WORK\TEACHING\2021\CG\CH3 程序\反走样直线段\ANTIALIASINGLINE\CGPAINTER_ANTIALIASINGLINE\DEBUG\GLOBALVARIABLES.SBR
C:\WORK\TEACHING\2021\CG\CH3 程序\反走样直线段\ANTIALIASINGLINE\CGPAINTER_ANTIALIASINGLINE\DEBUG\CGPAINTERVIEW.SBR
C:\WORK\TEACHING\2021\CG\CH3 程序\反走样直线段\ANTIALIASINGLINE\CGPAINTER_ANTIALIASINGLINE\DEBUG\CGPAINTERDOC.SBR
C:\WORK\TEACHING\2021\CG\CH3 程序\反走样直线段\ANTIALIASINGLINE\CGPAINTER_ANTIALIASINGLINE\DEBUG\CGPAINTER.SBR
C:\WORK\TEACHING\2021\CG\CH3 程序\反走样直线段\ANTIALIASINGLINE\CGPAINTER_ANTIALIASINGLINE\DEBUG\CGPAINTER.OBJ
C:\WORK\TEACHING\2021\CG\CH3 程序\反走样直线段\ANTIALIASINGLINE\CGPAINTER_ANTIALIASINGLINE\DEBUG\CGPAINTERDOC.OBJ
C:\WORK\TEACHING\2021\CG\CH3 程序\反走样直线段\ANTIALIASINGLINE\CGPAINTER_ANTIALIASINGLINE\DEBUG\CGPAINTERVIEW.OBJ
C:\WORK\TEACHING\2021\CG\CH3 程序\反走样直线段\ANTIALIASINGLINE\CGPAINTER_ANTIALIASINGLINE\DEBUG\GLOBALVARIABLES.OBJ
C:\WORK\TEACHING\2021\CG\CH3 程序\反走样直线段\ANTIALIASINGLINE\CGPAINTER_ANTIALIASINGLINE\DEBUG\MAINFRM.OBJ
C:\WORK\TEACHING\2021\CG\CH3 程序\反走样直线段\ANTIALIASINGLINE\CGPAINTER_ANTIALIASINGLINE\DEBUG\CGPAINTER.ILK
C:\WORK\TEACHING\2021\CG\CH3 程序\反走样直线段\ANTIALIASINGLINE\CGPAINTER_ANTIALIASINGLINE\DEBUG\CGPAINTER.EXE
C:\WORK\TEACHING\2021\CG\CH3 程序\反走样直线段\ANTIALIASINGLINE\CGPAINTER_ANTIALIASINGLINE\DEBUG\CGPAINTER.PDB
C:\WORK\TEACHING\2021\CG\CH3 程序\反走样直线段\ANTIALIASINGLINE\CGPAINTER_ANTIALIASINGLINE\DEBUG\CGPAINTER.RES
C:\work\teaching\2022\cg\ppt\ch3 程序\直线插补算法\CGPainter_Bresenham_Line\Debug\CGPainter.obj
C:\work\teaching\2022\cg\ppt\ch3 程序\直线插补算法\CGPainter_Bresenham_Line\Debug\CGPainterDoc.obj
C:\work\teaching\2022\cg\ppt\ch3 程序\直线插补算法\CGPainter_Bresenham_Line\Debug\CGPainterView.obj
C:\work\teaching\2022\cg\ppt\ch3 程序\直线插补算法\CGPainter_Bresenham_Line\Debug\GlobalVariables.obj
C:\work\teaching\2022\cg\ppt\ch3 程序\直线插补算法\CGPainter_Bresenham_Line\Debug\MainFrm.obj
C:\work\teaching\2022\cg\ppt\ch3 程序\直线插补算法\CGPainter_Bresenham_Line\Debug\StdAfx.obj
C:\work\teaching\2022\cg\ppt\ch3 程序\直线插补算法\CGPainter_Bresenham_Line\Debug\CGPainter.ilk
C:\work\teaching\2022\cg\ppt\ch3 程序\直线插补算法\CGPainter_Bresenham_Line\Debug\BscMake.command.1.tlog
C:\work\teaching\2022\cg\ppt\ch3 程序\直线插补算法\CGPainter_Bresenham_Line\Debug\bscmake.read.1.tlog
C:\work\teaching\2022\cg\ppt\ch3 程序\直线插补算法\CGPainter_Bresenham_Line\Debug\bscmake.write.1.tlog
C:\work\teaching\2022\cg\ppt\ch3 程序\直线插补算法\CGPainter_Bresenham_Line\Debug\cl.command.1.tlog
C:\work\teaching\2022\cg\ppt\ch3 程序\直线插补算法\CGPainter_Bresenham_Line\Debug\CL.read.1.tlog
C:\work\teaching\2022\cg\ppt\ch3 程序\直线插补算法\CGPainter_Bresenham_Line\Debug\CL.write.1.tlog
C:\work\teaching\2022\cg\ppt\ch3 程序\直线插补算法\CGPainter_Bresenham_Line\Debug\link-cvtres.read.1.tlog
C:\work\teaching\2022\cg\ppt\ch3 程序\直线插补算法\CGPainter_Bresenham_Line\Debug\link-cvtres.write.1.tlog
C:\work\teaching\2022\cg\ppt\ch3 程序\直线插补算法\CGPainter_Bresenham_Line\Debug\link-mt.read.1.tlog
C:\work\teaching\2022\cg\ppt\ch3 程序\直线插补算法\CGPainter_Bresenham_Line\Debug\link-mt.write.1.tlog
C:\work\teaching\2022\cg\ppt\ch3 程序\直线插补算法\CGPainter_Bresenham_Line\Debug\link-rc.read.1.tlog
C:\work\teaching\2022\cg\ppt\ch3 程序\直线插补算法\CGPainter_Bresenham_Line\Debug\link-rc.write.1.tlog
C:\work\teaching\2022\cg\ppt\ch3 程序\直线插补算法\CGPainter_Bresenham_Line\Debug\link.command.1.tlog
C:\work\teaching\2022\cg\ppt\ch3 程序\直线插补算法\CGPainter_Bresenham_Line\Debug\link.read.1.tlog
C:\work\teaching\2022\cg\ppt\ch3 程序\直线插补算法\CGPainter_Bresenham_Line\Debug\link.write.1.tlog
C:\work\teaching\2022\cg\ppt\ch3 程序\直线插补算法\CGPainter_Bresenham_Line\Debug\rc.command.1.tlog
C:\work\teaching\2022\cg\ppt\ch3 程序\直线插补算法\CGPainter_Bresenham_Line\Debug\rc.read.1.tlog
C:\work\teaching\2022\cg\ppt\ch3 程序\直线插补算法\CGPainter_Bresenham_Line\Debug\rc.write.1.tlog
C:\work\teaching\2022\cg\ppt\ch3 程序\直线插补算法\CGPainter_Bresenham_Line\Debug\CGPainter.res
C:\work\teaching\2022\cg\ppt\ch3 程序\直线插补算法\CGPainter_Bresenham_Line\Debug\CGPainter.pch
C:\work\teaching\2022\cg\ppt\ch3 程序\直线插补算法\CGPainter_Bresenham_Line\Debug\vc110.idb
C:\work\teaching\2022\cg\ppt\ch3 程序\直线插补算法\CGPainter_Bresenham_Line\Debug\CGPainter.pdb
C:\work\teaching\2022\cg\ppt\ch3 程序\直线插补算法\CGPainter_Bresenham_Line\Debug\vc110.pdb
C:\work\teaching\2022\cg\ppt\ch3 程序\直线插补算法\CGPainter_Bresenham_Line\Debug\CGPainter.bsc
C:\work\teaching\2022\cg\ppt\ch3 程序\直线插补算法\CGPainter_Bresenham_Line\Debug\CGPainter.sbr
C:\work\teaching\2022\cg\ppt\ch3 程序\直线插补算法\CGPainter_Bresenham_Line\Debug\CGPainterDoc.sbr
C:\work\teaching\2022\cg\ppt\ch3 程序\直线插补算法\CGPainter_Bresenham_Line\Debug\CGPainterView.sbr
C:\work\teaching\2022\cg\ppt\ch3 程序\直线插补算法\CGPainter_Bresenham_Line\Debug\GlobalVariables.sbr
C:\work\teaching\2022\cg\ppt\ch3 程序\直线插补算法\CGPainter_Bresenham_Line\Debug\MainFrm.sbr
C:\work\teaching\2022\cg\ppt\ch3 程序\直线插补算法\CGPainter_Bresenham_Line\Debug\StdAfx.sbr
C:\work\teaching\2022\cg\ppt\ch3 程序\直线插补算法\CGPainter_Bresenham_Line\.\Debug\CGPainter.exe
